This file contains any messages produced by compilers while
running configure, to aid debugging if configure makes a mistake.

It was created by configure, which was
generated by GNU Autoconf 2.65.  Invocation command line was

  $ ./configure --with-build-path=/hydra/home/hassemlal/local:/usr/local/mni --with-minc2 --prefix=/hydra/home/hassemlal/local

## --------- ##
## Platform. ##
## --------- ##

hostname = talos
uname -m = x86_64
uname -r = 2.6.32-34-generic
uname -s = Linux
uname -v = #77-Ubuntu SMP Tue Sep 13 19:39:17 UTC 2011

/usr/bin/uname -p = unknown
/bin/uname -X     = unknown

/bin/arch              = unknown
/usr/bin/arch -k       = unknown
/usr/convex/getsysinfo = unknown
/usr/bin/hostinfo      = unknown
/bin/machine           = unknown
/usr/bin/oslevel       = unknown
/bin/universe          = unknown

PATH: /usr/local/sbin
PATH: /usr/local/bin
PATH: /usr/sbin
PATH: /usr/bin
PATH: /sbin
PATH: /bin
PATH: /usr/games
PATH: /usr/local/mni/bin
PATH: /trials/quarantine/common
PATH: /trials/quarantine/common/simon
PATH: /trials/quarantine/common/FSL/fsl/bin
PATH: /opt/SGE/bin/ulx24-x86
PATH: /hydra/home/hassemlal/local/bin
PATH: /usr/local/mni/bin
PATH: /trials/quarantine/common
PATH: /trials/quarantine/common/simon
PATH: /trials/quarantine/common/FSL/fsl/bin
PATH: /opt/SGE/bin/ulx24-x86
PATH: /hydra/home/hassemlal/local/bin
PATH: /hydra/home/hassemlal/local/bin
PATH: /usr/local/mni/bin
PATH: /trials/quarantine/common
PATH: /trials/quarantine/common/simon
PATH: /trials/quarantine/common/FSL/fsl/bin
PATH: /opt/SGE/bin/ulx24-x86
PATH: /usr/local/mni/bin
PATH: /trials/quarantine/common
PATH: /trials/quarantine/common/simon
PATH: /trials/quarantine/common/FSL/fsl/bin
PATH: /opt/SGE/bin/ulx24-x86
PATH: /hydra/home/hassemlal/local/bin


## ----------- ##
## Core tests. ##
## ----------- ##

configure:2561: checking for a BSD-compatible install
configure:2629: result: /usr/bin/install -c
configure:2640: checking whether build environment is sane
configure:2690: result: yes
configure:2831: checking for a thread-safe mkdir -p
configure:2870: result: /bin/mkdir -p
configure:2883: checking for gawk
configure:2899: found /usr/bin/gawk
configure:2910: result: gawk
configure:2921: checking whether make sets $(MAKE)
configure:2943: result: yes
configure:3100: checking for gcc
configure:3116: found /usr/bin/gcc
configure:3127: result: gcc
configure:3356: checking for C compiler version
configure:3365: gcc --version >&5
gcc (Ubuntu 4.4.3-4ubuntu5) 4.4.3
Copyright (C) 2009 Free Software Foundation, Inc.
This is free software; see the source for copying conditions.  There is NO
warranty; not even for MERCHANTABILITY or FITNESS FOR A PARTICULAR PURPOSE.

configure:3376: $? = 0
configure:3365: gcc -v >&5
Using built-in specs.
Target: x86_64-linux-gnu
Configured with: ../src/configure -v --with-pkgversion='Ubuntu 4.4.3-4ubuntu5' --with-bugurl=file:///usr/share/doc/gcc-4.4/README.Bugs --enable-languages=c,c++,fortran,objc,obj-c++ --prefix=/usr --enable-shared --enable-multiarch --enable-linker-build-id --with-system-zlib --libexecdir=/usr/lib --without-included-gettext --enable-threads=posix --with-gxx-include-dir=/usr/include/c++/4.4 --program-suffix=-4.4 --enable-nls --enable-clocale=gnu --enable-libstdcxx-debug --enable-plugin --enable-objc-gc --disable-werror --with-arch-32=i486 --with-tune=generic --enable-checking=release --build=x86_64-linux-gnu --host=x86_64-linux-gnu --target=x86_64-linux-gnu
Thread model: posix
gcc version 4.4.3 (Ubuntu 4.4.3-4ubuntu5) 
configure:3376: $? = 0
configure:3365: gcc -V >&5
gcc: '-V' option must have argument
configure:3376: $? = 1
configure:3365: gcc -qversion >&5
gcc: unrecognized option '-qversion'
gcc: no input files
configure:3376: $? = 1
configure:3396: checking whether the C compiler works
configure:3418: gcc    conftest.c  >&5
configure:3422: $? = 0
configure:3471: result: yes
configure:3474: checking for C compiler default output file name
configure:3476: result: a.out
configure:3482: checking for suffix of executables
configure:3489: gcc -o conftest    conftest.c  >&5
configure:3493: $? = 0
configure:3515: result: 
configure:3537: checking whether we are cross compiling
configure:3545: gcc -o conftest    conftest.c  >&5
configure:3549: $? = 0
configure:3556: ./conftest
configure:3560: $? = 0
configure:3575: result: no
configure:3580: checking for suffix of object files
configure:3602: gcc -c   conftest.c >&5
configure:3606: $? = 0
configure:3627: result: o
configure:3631: checking whether we are using the GNU C compiler
configure:3650: gcc -c   conftest.c >&5
configure:3650: $? = 0
configure:3659: result: yes
configure:3668: checking whether gcc accepts -g
configure:3688: gcc -c -g  conftest.c >&5
configure:3688: $? = 0
configure:3729: result: yes
configure:3746: checking for gcc option to accept ISO C89
configure:3810: gcc  -c -g -O2  conftest.c >&5
configure:3810: $? = 0
configure:3823: result: none needed
configure:3854: checking for style of include used by make
configure:3882: result: GNU
configure:3907: checking dependency style of gcc
configure:4017: result: gcc3
configure:4032: checking whether ln -s works
configure:4036: result: yes
configure:4043: checking whether make sets $(MAKE)
configure:4065: result: yes
configure:4104: checking build system type
configure:4118: result: x86_64-unknown-linux-gnu
configure:4138: checking host system type
configure:4151: result: x86_64-unknown-linux-gnu
configure:4171: checking for a sed that does not truncate output
configure:4235: result: /bin/sed
configure:4253: checking for grep that handles long lines and -e
configure:4311: result: /bin/grep
configure:4316: checking for egrep
configure:4378: result: /bin/grep -E
configure:4383: checking for fgrep
configure:4445: result: /bin/grep -F
configure:4480: checking for ld used by gcc
configure:4547: result: /usr/bin/ld
configure:4554: checking if the linker (/usr/bin/ld) is GNU ld
configure:4569: result: yes
configure:4581: checking for BSD- or MS-compatible name lister (nm)
configure:4630: result: /usr/bin/nm -B
configure:4748: checking the name lister (/usr/bin/nm -B) interface
configure:4755: gcc -c -g -O2  conftest.c >&5
configure:4758: /usr/bin/nm -B "conftest.o"
configure:4761: output
0000000000000000 B some_variable
configure:4768: result: BSD nm
configure:4772: checking the maximum length of command line arguments
configure:4892: result: 1572864
configure:4909: checking whether the shell understands some XSI constructs
configure:4919: result: yes
configure:4923: checking whether the shell understands "+="
configure:4929: result: yes
configure:4964: checking for /usr/bin/ld option to reload object files
configure:4971: result: -r
configure:5040: checking for objdump
configure:5056: found /usr/bin/objdump
configure:5067: result: objdump
configure:5099: checking how to recognize dependent libraries
configure:5295: result: pass_all
configure:5355: checking for ar
configure:5371: found /usr/bin/ar
configure:5382: result: ar
configure:5460: checking for strip
configure:5476: found /usr/bin/strip
configure:5487: result: strip
configure:5559: checking for ranlib
configure:5575: found /usr/bin/ranlib
configure:5586: result: ranlib
configure:5676: checking command to parse /usr/bin/nm -B output from gcc object
configure:5794: gcc -c -g -O2  conftest.c >&5
configure:5797: $? = 0
configure:5801: /usr/bin/nm -B conftest.o \| sed -n -e 's/^.*[	 ]\([ABCDGIRSTW][ABCDGIRSTW]*\)[	 ][	 ]*\([_A-Za-z][_A-Za-z0-9]*\)$/\1 \2 \2/p' \> conftest.nm
configure:5804: $? = 0
configure:5858: gcc -o conftest -g -O2   conftest.c conftstm.o >&5
configure:5861: $? = 0
configure:5899: result: ok
configure:5995: gcc -c -g -O2  conftest.c >&5
configure:5998: $? = 0
configure:6708: checking how to run the C preprocessor
configure:6739: gcc -E  conftest.c
configure:6739: $? = 0
configure:6753: gcc -E  conftest.c
conftest.c:11:28: error: ac_nonexistent.h: No such file or directory
configure:6753: $? = 1
configure: failed program was:
| /* confdefs.h */
| #define PACKAGE_NAME ""
| #define PACKAGE_TARNAME ""
| #define PACKAGE_VERSION ""
| #define PACKAGE_STRING ""
| #define PACKAGE_BUGREPORT ""
| #define PACKAGE_URL ""
| #define PACKAGE "Display"
| #define VERSION "1.5.0"
| /* end confdefs.h.  */
| #include <ac_nonexistent.h>
configure:6778: result: gcc -E
configure:6798: gcc -E  conftest.c
configure:6798: $? = 0
configure:6812: gcc -E  conftest.c
conftest.c:11:28: error: ac_nonexistent.h: No such file or directory
configure:6812: $? = 1
configure: failed program was:
| /* confdefs.h */
| #define PACKAGE_NAME ""
| #define PACKAGE_TARNAME ""
| #define PACKAGE_VERSION ""
| #define PACKAGE_STRING ""
| #define PACKAGE_BUGREPORT ""
| #define PACKAGE_URL ""
| #define PACKAGE "Display"
| #define VERSION "1.5.0"
| /* end confdefs.h.  */
| #include <ac_nonexistent.h>
configure:6841: checking for ANSI C header files
configure:6861: gcc -c -g -O2  conftest.c >&5
configure:6861: $? = 0
configure:6934: gcc -o conftest -g -O2   conftest.c  >&5
configure:6934: $? = 0
configure:6934: ./conftest
configure:6934: $? = 0
configure:6945: result: yes
configure:6958: checking for sys/types.h
configure:6958: gcc -c -g -O2  conftest.c >&5
configure:6958: $? = 0
configure:6958: result: yes
configure:6958: checking for sys/stat.h
configure:6958: gcc -c -g -O2  conftest.c >&5
configure:6958: $? = 0
configure:6958: result: yes
configure:6958: checking for stdlib.h
configure:6958: gcc -c -g -O2  conftest.c >&5
configure:6958: $? = 0
configure:6958: result: yes
configure:6958: checking for string.h
configure:6958: gcc -c -g -O2  conftest.c >&5
configure:6958: $? = 0
configure:6958: result: yes
configure:6958: checking for memory.h
configure:6958: gcc -c -g -O2  conftest.c >&5
configure:6958: $? = 0
configure:6958: result: yes
configure:6958: checking for strings.h
configure:6958: gcc -c -g -O2  conftest.c >&5
configure:6958: $? = 0
configure:6958: result: yes
configure:6958: checking for inttypes.h
configure:6958: gcc -c -g -O2  conftest.c >&5
configure:6958: $? = 0
configure:6958: result: yes
configure:6958: checking for stdint.h
configure:6958: gcc -c -g -O2  conftest.c >&5
configure:6958: $? = 0
configure:6958: result: yes
configure:6958: checking for unistd.h
configure:6958: gcc -c -g -O2  conftest.c >&5
configure:6958: $? = 0
configure:6958: result: yes
configure:6973: checking for dlfcn.h
configure:6973: gcc -c -g -O2  conftest.c >&5
configure:6973: $? = 0
configure:6973: result: yes
configure:7160: checking for objdir
configure:7175: result: .libs
configure:7467: checking if gcc supports -fno-rtti -fno-exceptions
configure:7485: gcc -c -g -O2  -fno-rtti -fno-exceptions conftest.c >&5
cc1: warning: command line option "-fno-rtti" is valid for C++/ObjC++ but not for C
configure:7489: $? = 0
configure:7502: result: no
configure:7522: checking for gcc option to produce PIC
configure:7794: result: -fPIC -DPIC
configure:7806: checking if gcc PIC flag -fPIC -DPIC works
configure:7824: gcc -c -g -O2  -fPIC -DPIC -DPIC conftest.c >&5
configure:7828: $? = 0
configure:7841: result: yes
configure:7865: checking if gcc static flag -static works
configure:7893: result: yes
configure:7908: checking if gcc supports -c -o file.o
configure:7929: gcc -c -g -O2  -o out/conftest2.o conftest.c >&5
configure:7933: $? = 0
configure:7955: result: yes
configure:7963: checking if gcc supports -c -o file.o
configure:8010: result: yes
configure:8043: checking whether the gcc linker (/usr/bin/ld -m elf_x86_64) supports shared libraries
configure:9034: result: yes
configure:9071: checking whether -lc should be explicitly linked in
configure:9076: gcc -c -g -O2  conftest.c >&5
configure:9079: $? = 0
configure:9094: gcc -shared conftest.o  -v -Wl,-soname -Wl,conftest -o conftest 2\>\&1 \| /bin/grep  -lc  \>/dev/null 2\>\&1
configure:9097: $? = 0
configure:9109: result: no
configure:9273: checking dynamic linker characteristics
configure:9706: gcc -o conftest -g -O2   -Wl,-rpath -Wl,/foo conftest.c  >&5
configure:9706: $? = 0
configure:9936: result: GNU/Linux ld.so
configure:10038: checking how to hardcode library paths into programs
configure:10063: result: immediate
configure:10583: checking whether stripping libraries is possible
configure:10588: result: yes
configure:10623: checking if libtool supports shared libraries
configure:10625: result: yes
configure:10628: checking whether to build shared libraries
configure:10649: result: yes
configure:10652: checking whether to build static libraries
configure:10656: result: yes
configure:10692: checking for X
configure:10800: gcc -E  conftest.c
configure:10800: $? = 0
configure:10831: gcc -o conftest -g -O2   conftest.c -lX11  >&5
configure:10831: $? = 0
configure:10881: result: libraries , headers 
configure:10980: gcc -o conftest -g -O2   conftest.c   -lX11 >&5
configure:10980: $? = 0
configure:11078: checking for gethostbyname
configure:11078: gcc -o conftest -g -O2   conftest.c  >&5
configure:11078: $? = 0
configure:11078: result: yes
configure:11175: checking for connect
configure:11175: gcc -o conftest -g -O2   conftest.c  >&5
configure:11175: $? = 0
configure:11175: result: yes
configure:11224: checking for remove
configure:11224: gcc -o conftest -g -O2   conftest.c  >&5
configure:11224: $? = 0
configure:11224: result: yes
configure:11273: checking for shmat
configure:11273: gcc -o conftest -g -O2   conftest.c  >&5
configure:11273: $? = 0
configure:11273: result: yes
configure:11331: checking for IceConnectionNumber in -lICE
configure:11356: gcc -o conftest -g -O2   conftest.c -lICE   >&5
configure:11356: $? = 0
configure:11365: result: yes
configure:11403: checking math.h usability
configure:11403: gcc -c -g -O2  -I/hydra/home/hassemlal/local/include -I/usr/local/mni/include conftest.c >&5
configure:11403: $? = 0
configure:11403: result: yes
configure:11403: checking math.h presence
configure:11403: gcc -E  -I/hydra/home/hassemlal/local/include -I/usr/local/mni/include conftest.c
configure:11403: $? = 0
configure:11403: result: yes
configure:11403: checking for math.h
configure:11403: result: yes
configure:11413: checking for sqrt in -lm
configure:11438: gcc -o conftest -g -O2  -I/hydra/home/hassemlal/local/include -I/usr/local/mni/include  -L/hydra/home/hassemlal/local/lib -L/usr/local/mni/lib conftest.c -lm   >&5
conftest.c:30: warning: conflicting types for built-in function 'sqrt'
configure:11438: $? = 0
configure:11447: result: yes
configure:11476: checking for library m
configure:11490: gcc -o conftest -g -O2  -I/hydra/home/hassemlal/local/include -I/usr/local/mni/include  -L/hydra/home/hassemlal/local/lib -L/usr/local/mni/lib conftest.c -lm -lm  >&5
configure:11490: $? = 0
configure:11497: result: yes
configure:11504: checking for library netcdf
configure:11518: gcc -o conftest -g -O2  -I/hydra/home/hassemlal/local/include -I/usr/local/mni/include  -L/hydra/home/hassemlal/local/lib -L/usr/local/mni/lib conftest.c -lnetcdf -lm -lm  >&5
configure:11518: $? = 0
configure:11525: result: yes
configure:11533: checking for library z
configure:11547: gcc -o conftest -g -O2  -I/hydra/home/hassemlal/local/include -I/usr/local/mni/include  -L/hydra/home/hassemlal/local/lib -L/usr/local/mni/lib conftest.c -lz -lnetcdf -lm -lm  >&5
conftest.c: In function 'main':
conftest.c:28: warning: initialization makes integer from pointer without a cast
configure:11547: $? = 0
configure:11554: result: yes
configure:11561: checking for library hdf5
configure:11575: gcc -o conftest -g -O2  -I/hydra/home/hassemlal/local/include -I/usr/local/mni/include  -L/hydra/home/hassemlal/local/lib -L/usr/local/mni/lib conftest.c -lhdf5 -lz -lnetcdf -lm -lm  >&5
configure:11575: $? = 0
configure:11582: result: yes
configure:11589: checking for library minc2
configure:11603: gcc -o conftest -g -O2  -I/hydra/home/hassemlal/local/include -I/usr/local/mni/include  -L/hydra/home/hassemlal/local/lib -L/usr/local/mni/lib conftest.c -lminc2 -lhdf5 -lz -lnetcdf -lm -lm  >&5
configure:11603: $? = 0
configure:11610: result: yes
configure:11654: checking for library volume_io2
configure:11670: gcc -o conftest -g -O2  -I/hydra/home/hassemlal/local/include -I/usr/local/mni/include  -L/hydra/home/hassemlal/local/lib -L/usr/local/mni/lib conftest.c -lvolume_io2 -lminc2 -lhdf5 -lz -lnetcdf -lm -lm  >&5
configure:11670: $? = 0
configure:11677: result: yes
configure:11719: checking for library bicpl
configure:11736: gcc -o conftest -g -O2  -I/hydra/home/hassemlal/local/include -I/usr/local/mni/include  -L/hydra/home/hassemlal/local/lib -L/usr/local/mni/lib conftest.c -lbicpl -lvolume_io2 -lminc2 -lhdf5 -lz -lnetcdf -lm -lm  >&5
configure:11736: $? = 0
configure:11743: result: yes
configure:11952: checking for the pthreads library -lpthreads
configure:11985: gcc -o conftest -g -O2   -I/hydra/home/hassemlal/local/include -I/usr/local/mni/include  -L/hydra/home/hassemlal/local/lib -L/usr/local/mni/lib conftest.c -lpthreads -lbicpl -lvolume_io2 -lminc2 -lhdf5 -lz -lnetcdf -lm -lm  >&5
/usr/bin/ld: cannot find -lpthreads
collect2: ld returned 1 exit status
configure:11985: $? = 1
configure: failed program was:
| /* confdefs.h */
| #define PACKAGE_NAME ""
| #define PACKAGE_TARNAME ""
| #define PACKAGE_VERSION ""
| #define PACKAGE_STRING ""
| #define PACKAGE_BUGREPORT ""
| #define PACKAGE_URL ""
| #define PACKAGE "Display"
| #define VERSION "1.5.0"
| #define STDC_HEADERS 1
| #define HAVE_SYS_TYPES_H 1
| #define HAVE_SYS_STAT_H 1
| #define HAVE_STDLIB_H 1
| #define HAVE_STRING_H 1
| #define HAVE_MEMORY_H 1
| #define HAVE_STRINGS_H 1
| #define HAVE_INTTYPES_H 1
| #define HAVE_STDINT_H 1
| #define HAVE_UNISTD_H 1
| #define HAVE_DLFCN_H 1
| #define LT_OBJDIR ".libs/"
| #define HAVE_LIBM 1
| #define MINC2 1
| /* end confdefs.h.  */
| #include <pthread.h>
| int
| main ()
| {
| pthread_t th; pthread_join(th, 0);
|                      pthread_attr_init(0); pthread_cleanup_push(0, 0);
|                      pthread_create(0,0,0,0); pthread_cleanup_pop(0);
|   ;
|   return 0;
| }
configure:11994: result: no
configure:11897: checking whether pthreads work without any flags
configure:11985: gcc -o conftest -g -O2   -I/hydra/home/hassemlal/local/include -I/usr/local/mni/include  -L/hydra/home/hassemlal/local/lib -L/usr/local/mni/lib conftest.c  -lbicpl -lvolume_io2 -lminc2 -lhdf5 -lz -lnetcdf -lm -lm  >&5
configure:11985: $? = 0
configure:11994: result: yes
configure:12013: checking for joinable pthread attribute
configure:12028: gcc -o conftest -g -O2   -I/hydra/home/hassemlal/local/include -I/usr/local/mni/include  -L/hydra/home/hassemlal/local/lib -L/usr/local/mni/lib conftest.c  -lbicpl -lvolume_io2 -lminc2 -lhdf5 -lz -lnetcdf -lm -lm  >&5
configure:12028: $? = 0
configure:12034: result: PTHREAD_CREATE_JOINABLE
configure:12044: checking if more special flags are required for pthreads
configure:12051: result: no
configure:12063: checking for cc_r
configure:12091: result: gcc
configure:12149: checking whether we are using the Microsoft C compiler
configure:12168: gcc -c -g -O2  -I/hydra/home/hassemlal/local/include -I/usr/local/mni/include conftest.c >&5
conftest.c: In function 'main':
conftest.c:31: error: 'choke' undeclared (first use in this function)
conftest.c:31: error: (Each undeclared identifier is reported only once
conftest.c:31: error: for each function it appears in.)
conftest.c:31: error: expected ';' before 'me'
configure:12168: $? = 1
configure: failed program was:
| /* confdefs.h */
| #define PACKAGE_NAME ""
| #define PACKAGE_TARNAME ""
| #define PACKAGE_VERSION ""
| #define PACKAGE_STRING ""
| #define PACKAGE_BUGREPORT ""
| #define PACKAGE_URL ""
| #define PACKAGE "Display"
| #define VERSION "1.5.0"
| #define STDC_HEADERS 1
| #define HAVE_SYS_TYPES_H 1
| #define HAVE_SYS_STAT_H 1
| #define HAVE_STDLIB_H 1
| #define HAVE_STRING_H 1
| #define HAVE_MEMORY_H 1
| #define HAVE_STRINGS_H 1
| #define HAVE_INTTYPES_H 1
| #define HAVE_STDINT_H 1
| #define HAVE_UNISTD_H 1
| #define HAVE_DLFCN_H 1
| #define LT_OBJDIR ".libs/"
| #define HAVE_LIBM 1
| #define MINC2 1
| #define HAVE_PTHREAD 1
| /* end confdefs.h.  */
| 
| int
| main ()
| {
| #ifndef _MSC_VER
|        choke me
| #endif
| 
|   ;
|   return 0;
| }
configure:12177: result: no
configure:12199: checking windows.h usability
configure:12199: gcc -c -g -O2  -I/hydra/home/hassemlal/local/include -I/usr/local/mni/include conftest.c >&5
conftest.c:59:21: error: windows.h: No such file or directory
configure:12199: $? = 1
configure: failed program was:
| /* confdefs.h */
| #define PACKAGE_NAME ""
| #define PACKAGE_TARNAME ""
| #define PACKAGE_VERSION ""
| #define PACKAGE_STRING ""
| #define PACKAGE_BUGREPORT ""
| #define PACKAGE_URL ""
| #define PACKAGE "Display"
| #define VERSION "1.5.0"
| #define STDC_HEADERS 1
| #define HAVE_SYS_TYPES_H 1
| #define HAVE_SYS_STAT_H 1
| #define HAVE_STDLIB_H 1
| #define HAVE_STRING_H 1
| #define HAVE_MEMORY_H 1
| #define HAVE_STRINGS_H 1
| #define HAVE_INTTYPES_H 1
| #define HAVE_STDINT_H 1
| #define HAVE_UNISTD_H 1
| #define HAVE_DLFCN_H 1
| #define LT_OBJDIR ".libs/"
| #define HAVE_LIBM 1
| #define MINC2 1
| #define HAVE_PTHREAD 1
| /* end confdefs.h.  */
| #include <stdio.h>
| #ifdef HAVE_SYS_TYPES_H
| # include <sys/types.h>
| #endif
| #ifdef HAVE_SYS_STAT_H
| # include <sys/stat.h>
| #endif
| #ifdef STDC_HEADERS
| # include <stdlib.h>
| # include <stddef.h>
| #else
| # ifdef HAVE_STDLIB_H
| #  include <stdlib.h>
| # endif
| #endif
| #ifdef HAVE_STRING_H
| # if !defined STDC_HEADERS && defined HAVE_MEMORY_H
| #  include <memory.h>
| # endif
| # include <string.h>
| #endif
| #ifdef HAVE_STRINGS_H
| # include <strings.h>
| #endif
| #ifdef HAVE_INTTYPES_H
| # include <inttypes.h>
| #endif
| #ifdef HAVE_STDINT_H
| # include <stdint.h>
| #endif
| #ifdef HAVE_UNISTD_H
| # include <unistd.h>
| #endif
| #include <windows.h>
configure:12199: result: no
configure:12199: checking windows.h presence
configure:12199: gcc -E  -I/hydra/home/hassemlal/local/include -I/usr/local/mni/include conftest.c
conftest.c:26:21: error: windows.h: No such file or directory
configure:12199: $? = 1
configure: failed program was:
| /* confdefs.h */
| #define PACKAGE_NAME ""
| #define PACKAGE_TARNAME ""
| #define PACKAGE_VERSION ""
| #define PACKAGE_STRING ""
| #define PACKAGE_BUGREPORT ""
| #define PACKAGE_URL ""
| #define PACKAGE "Display"
| #define VERSION "1.5.0"
| #define STDC_HEADERS 1
| #define HAVE_SYS_TYPES_H 1
| #define HAVE_SYS_STAT_H 1
| #define HAVE_STDLIB_H 1
| #define HAVE_STRING_H 1
| #define HAVE_MEMORY_H 1
| #define HAVE_STRINGS_H 1
| #define HAVE_INTTYPES_H 1
| #define HAVE_STDINT_H 1
| #define HAVE_UNISTD_H 1
| #define HAVE_DLFCN_H 1
| #define LT_OBJDIR ".libs/"
| #define HAVE_LIBM 1
| #define MINC2 1
| #define HAVE_PTHREAD 1
| /* end confdefs.h.  */
| #include <windows.h>
configure:12199: result: no
configure:12199: checking for windows.h
configure:12199: result: no
configure:12210: checking for OpenGL library
configure:12243: gcc -o conftest -g -O2   -I/hydra/home/hassemlal/local/include -I/usr/local/mni/include  -L/hydra/home/hassemlal/local/lib -L/usr/local/mni/lib conftest.c -lopengl32  -lm -lbicpl -lvolume_io2 -lminc2 -lhdf5 -lz -lnetcdf -lm -lm  >&5
/usr/bin/ld: cannot find -lopengl32
collect2: ld returned 1 exit status
configure:12243: $? = 1
configure: failed program was:
| /* confdefs.h */
| #define PACKAGE_NAME ""
| #define PACKAGE_TARNAME ""
| #define PACKAGE_VERSION ""
| #define PACKAGE_STRING ""
| #define PACKAGE_BUGREPORT ""
| #define PACKAGE_URL ""
| #define PACKAGE "Display"
| #define VERSION "1.5.0"
| #define STDC_HEADERS 1
| #define HAVE_SYS_TYPES_H 1
| #define HAVE_SYS_STAT_H 1
| #define HAVE_STDLIB_H 1
| #define HAVE_STRING_H 1
| #define HAVE_MEMORY_H 1
| #define HAVE_STRINGS_H 1
| #define HAVE_INTTYPES_H 1
| #define HAVE_STDINT_H 1
| #define HAVE_UNISTD_H 1
| #define HAVE_DLFCN_H 1
| #define LT_OBJDIR ".libs/"
| #define HAVE_LIBM 1
| #define MINC2 1
| #define HAVE_PTHREAD 1
| /* end confdefs.h.  */
| 
| # if HAVE_WINDOWS_H && defined(_WIN32)
| #   include <windows.h>
| # endif
| # include <GL/gl.h>
| int
| main ()
| {
| glBegin(0)
|   ;
|   return 0;
| }
configure:12243: gcc -o conftest -g -O2   -I/hydra/home/hassemlal/local/include -I/usr/local/mni/include  -L/hydra/home/hassemlal/local/lib -L/usr/local/mni/lib conftest.c -lGL  -lm -lbicpl -lvolume_io2 -lminc2 -lhdf5 -lz -lnetcdf -lm -lm  >&5
configure:12243: $? = 0
configure:12252: result: -lGL
configure:12331: checking for g++
configure:12347: found /usr/bin/g++
configure:12358: result: g++
configure:12385: checking for C++ compiler version
configure:12394: g++ --version >&5
g++ (Ubuntu 4.4.3-4ubuntu5) 4.4.3
Copyright (C) 2009 Free Software Foundation, Inc.
This is free software; see the source for copying conditions.  There is NO
warranty; not even for MERCHANTABILITY or FITNESS FOR A PARTICULAR PURPOSE.

configure:12405: $? = 0
configure:12394: g++ -v >&5
Using built-in specs.
Target: x86_64-linux-gnu
Configured with: ../src/configure -v --with-pkgversion='Ubuntu 4.4.3-4ubuntu5' --with-bugurl=file:///usr/share/doc/gcc-4.4/README.Bugs --enable-languages=c,c++,fortran,objc,obj-c++ --prefix=/usr --enable-shared --enable-multiarch --enable-linker-build-id --with-system-zlib --libexecdir=/usr/lib --without-included-gettext --enable-threads=posix --with-gxx-include-dir=/usr/include/c++/4.4 --program-suffix=-4.4 --enable-nls --enable-clocale=gnu --enable-libstdcxx-debug --enable-plugin --enable-objc-gc --disable-werror --with-arch-32=i486 --with-tune=generic --enable-checking=release --build=x86_64-linux-gnu --host=x86_64-linux-gnu --target=x86_64-linux-gnu
Thread model: posix
gcc version 4.4.3 (Ubuntu 4.4.3-4ubuntu5) 
configure:12405: $? = 0
configure:12394: g++ -V >&5
g++: '-V' option must have argument
configure:12405: $? = 1
configure:12394: g++ -qversion >&5
g++: unrecognized option '-qversion'
g++: no input files
configure:12405: $? = 1
configure:12409: checking whether we are using the GNU C++ compiler
configure:12428: g++ -c   -I/hydra/home/hassemlal/local/include -I/usr/local/mni/include conftest.cpp >&5
configure:12428: $? = 0
configure:12437: result: yes
configure:12446: checking whether g++ accepts -g
configure:12466: g++ -c -g  -I/hydra/home/hassemlal/local/include -I/usr/local/mni/include conftest.cpp >&5
configure:12466: $? = 0
configure:12507: result: yes
configure:12532: checking dependency style of g++
configure:12642: result: gcc3
configure:12771: checking for C++ compiler version
configure:12780: g++ --version >&5
g++ (Ubuntu 4.4.3-4ubuntu5) 4.4.3
Copyright (C) 2009 Free Software Foundation, Inc.
This is free software; see the source for copying conditions.  There is NO
warranty; not even for MERCHANTABILITY or FITNESS FOR A PARTICULAR PURPOSE.

configure:12791: $? = 0
configure:12780: g++ -v >&5
Using built-in specs.
Target: x86_64-linux-gnu
Configured with: ../src/configure -v --with-pkgversion='Ubuntu 4.4.3-4ubuntu5' --with-bugurl=file:///usr/share/doc/gcc-4.4/README.Bugs --enable-languages=c,c++,fortran,objc,obj-c++ --prefix=/usr --enable-shared --enable-multiarch --enable-linker-build-id --with-system-zlib --libexecdir=/usr/lib --without-included-gettext --enable-threads=posix --with-gxx-include-dir=/usr/include/c++/4.4 --program-suffix=-4.4 --enable-nls --enable-clocale=gnu --enable-libstdcxx-debug --enable-plugin --enable-objc-gc --disable-werror --with-arch-32=i486 --with-tune=generic --enable-checking=release --build=x86_64-linux-gnu --host=x86_64-linux-gnu --target=x86_64-linux-gnu
Thread model: posix
gcc version 4.4.3 (Ubuntu 4.4.3-4ubuntu5) 
configure:12791: $? = 0
configure:12780: g++ -V >&5
g++: '-V' option must have argument
configure:12791: $? = 1
configure:12780: g++ -qversion >&5
g++: unrecognized option '-qversion'
g++: no input files
configure:12791: $? = 1
configure:12795: checking whether we are using the GNU C++ compiler
configure:12823: result: yes
configure:12832: checking whether g++ accepts -g
configure:12893: result: yes
configure:12918: checking dependency style of g++
configure:13028: result: gcc3
configure:13051: checking how to run the C++ preprocessor
configure:13078: g++ -E  -I/hydra/home/hassemlal/local/include -I/usr/local/mni/include conftest.cpp
configure:13078: $? = 0
configure:13092: g++ -E  -I/hydra/home/hassemlal/local/include -I/usr/local/mni/include conftest.cpp
conftest.cpp:26:28: error: ac_nonexistent.h: No such file or directory
configure:13092: $? = 1
configure: failed program was:
| /* confdefs.h */
| #define PACKAGE_NAME ""
| #define PACKAGE_TARNAME ""
| #define PACKAGE_VERSION ""
| #define PACKAGE_STRING ""
| #define PACKAGE_BUGREPORT ""
| #define PACKAGE_URL ""
| #define PACKAGE "Display"
| #define VERSION "1.5.0"
| #define STDC_HEADERS 1
| #define HAVE_SYS_TYPES_H 1
| #define HAVE_SYS_STAT_H 1
| #define HAVE_STDLIB_H 1
| #define HAVE_STRING_H 1
| #define HAVE_MEMORY_H 1
| #define HAVE_STRINGS_H 1
| #define HAVE_INTTYPES_H 1
| #define HAVE_STDINT_H 1
| #define HAVE_UNISTD_H 1
| #define HAVE_DLFCN_H 1
| #define LT_OBJDIR ".libs/"
| #define HAVE_LIBM 1
| #define MINC2 1
| #define HAVE_PTHREAD 1
| /* end confdefs.h.  */
| #include <ac_nonexistent.h>
configure:13117: result: g++ -E
configure:13137: g++ -E  -I/hydra/home/hassemlal/local/include -I/usr/local/mni/include conftest.cpp
configure:13137: $? = 0
configure:13151: g++ -E  -I/hydra/home/hassemlal/local/include -I/usr/local/mni/include conftest.cpp
conftest.cpp:26:28: error: ac_nonexistent.h: No such file or directory
configure:13151: $? = 1
configure: failed program was:
| /* confdefs.h */
| #define PACKAGE_NAME ""
| #define PACKAGE_TARNAME ""
| #define PACKAGE_VERSION ""
| #define PACKAGE_STRING ""
| #define PACKAGE_BUGREPORT ""
| #define PACKAGE_URL ""
| #define PACKAGE "Display"
| #define VERSION "1.5.0"
| #define STDC_HEADERS 1
| #define HAVE_SYS_TYPES_H 1
| #define HAVE_SYS_STAT_H 1
| #define HAVE_STDLIB_H 1
| #define HAVE_STRING_H 1
| #define HAVE_MEMORY_H 1
| #define HAVE_STRINGS_H 1
| #define HAVE_INTTYPES_H 1
| #define HAVE_STDINT_H 1
| #define HAVE_UNISTD_H 1
| #define HAVE_DLFCN_H 1
| #define LT_OBJDIR ".libs/"
| #define HAVE_LIBM 1
| #define MINC2 1
| #define HAVE_PTHREAD 1
| /* end confdefs.h.  */
| #include <ac_nonexistent.h>
configure:13296: checking for C++ compiler version
configure:13305: g++ --version >&5
g++ (Ubuntu 4.4.3-4ubuntu5) 4.4.3
Copyright (C) 2009 Free Software Foundation, Inc.
This is free software; see the source for copying conditions.  There is NO
warranty; not even for MERCHANTABILITY or FITNESS FOR A PARTICULAR PURPOSE.

configure:13316: $? = 0
configure:13305: g++ -v >&5
Using built-in specs.
Target: x86_64-linux-gnu
Configured with: ../src/configure -v --with-pkgversion='Ubuntu 4.4.3-4ubuntu5' --with-bugurl=file:///usr/share/doc/gcc-4.4/README.Bugs --enable-languages=c,c++,fortran,objc,obj-c++ --prefix=/usr --enable-shared --enable-multiarch --enable-linker-build-id --with-system-zlib --libexecdir=/usr/lib --without-included-gettext --enable-threads=posix --with-gxx-include-dir=/usr/include/c++/4.4 --program-suffix=-4.4 --enable-nls --enable-clocale=gnu --enable-libstdcxx-debug --enable-plugin --enable-objc-gc --disable-werror --with-arch-32=i486 --with-tune=generic --enable-checking=release --build=x86_64-linux-gnu --host=x86_64-linux-gnu --target=x86_64-linux-gnu
Thread model: posix
gcc version 4.4.3 (Ubuntu 4.4.3-4ubuntu5) 
configure:13316: $? = 0
configure:13305: g++ -V >&5
g++: '-V' option must have argument
configure:13316: $? = 1
configure:13305: g++ -qversion >&5
g++: unrecognized option '-qversion'
g++: no input files
configure:13316: $? = 1
configure:13320: checking whether we are using the GNU C++ compiler
configure:13348: result: yes
configure:13357: checking whether g++ accepts -g
configure:13418: result: yes
configure:13443: checking dependency style of g++
configure:13553: result: gcc3
configure:13702: checking for ld used by g++
configure:13769: result: /usr/bin/ld -m elf_x86_64
configure:13776: checking if the linker (/usr/bin/ld -m elf_x86_64) is GNU ld
configure:13791: result: yes
configure:13846: checking whether the g++ linker (/usr/bin/ld -m elf_x86_64) supports shared libraries
configure:14759: result: yes
configure:14787: g++ -c -g -O2  -I/hydra/home/hassemlal/local/include -I/usr/local/mni/include conftest.cpp >&5
configure:14790: $? = 0
configure:14972: checking for g++ option to produce PIC
configure:15289: result: -fPIC -DPIC
configure:15298: checking if g++ PIC flag -fPIC -DPIC works
configure:15316: g++ -c -g -O2  -I/hydra/home/hassemlal/local/include -I/usr/local/mni/include -fPIC -DPIC -DPIC conftest.cpp >&5
configure:15320: $? = 0
configure:15333: result: yes
configure:15354: checking if g++ static flag -static works
configure:15382: result: yes
configure:15394: checking if g++ supports -c -o file.o
configure:15415: g++ -c -g -O2  -I/hydra/home/hassemlal/local/include -I/usr/local/mni/include -o out/conftest2.o conftest.cpp >&5
configure:15419: $? = 0
configure:15441: result: yes
configure:15446: checking if g++ supports -c -o file.o
configure:15493: result: yes
configure:15523: checking whether the g++ linker (/usr/bin/ld -m elf_x86_64) supports shared libraries
configure:15552: result: yes
configure:15689: checking dynamic linker characteristics
configure:16070: g++ -o conftest -g -O2  -I/hydra/home/hassemlal/local/include -I/usr/local/mni/include  -L/hydra/home/hassemlal/local/lib -L/usr/local/mni/lib -Wl,-rpath -Wl,/foo conftest.cpp -lbicpl -lvolume_io2 -lminc2 -lhdf5 -lz -lnetcdf -lm -lm  >&5
configure:16070: $? = 0
configure:16300: result: GNU/Linux ld.so
configure:16351: checking how to hardcode library paths into programs
configure:16376: result: immediate
configure:16417: checking for OpenGL Utility library
configure:16470: g++ -o conftest -g -O2   -I/hydra/home/hassemlal/local/include -I/usr/local/mni/include  -L/hydra/home/hassemlal/local/lib -L/usr/local/mni/lib conftest.cpp -lglu32 -lGL  -lm -lbicpl -lvolume_io2 -lminc2 -lhdf5 -lz -lnetcdf -lm -lm  >&5
/usr/bin/ld: cannot find -lglu32
collect2: ld returned 1 exit status
configure:16470: $? = 1
configure: failed program was:
| /* confdefs.h */
| #define PACKAGE_NAME ""
| #define PACKAGE_TARNAME ""
| #define PACKAGE_VERSION ""
| #define PACKAGE_STRING ""
| #define PACKAGE_BUGREPORT ""
| #define PACKAGE_URL ""
| #define PACKAGE "Display"
| #define VERSION "1.5.0"
| #define STDC_HEADERS 1
| #define HAVE_SYS_TYPES_H 1
| #define HAVE_SYS_STAT_H 1
| #define HAVE_STDLIB_H 1
| #define HAVE_STRING_H 1
| #define HAVE_MEMORY_H 1
| #define HAVE_STRINGS_H 1
| #define HAVE_INTTYPES_H 1
| #define HAVE_STDINT_H 1
| #define HAVE_UNISTD_H 1
| #define HAVE_DLFCN_H 1
| #define LT_OBJDIR ".libs/"
| #define HAVE_LIBM 1
| #define MINC2 1
| #define HAVE_PTHREAD 1
| /* end confdefs.h.  */
| 
| # if HAVE_WINDOWS_H && defined(_WIN32)
| #   include <windows.h>
| # endif
| # include <GL/glu.h>
| int
| main ()
| {
| gluBeginCurve(0)
|   ;
|   return 0;
| }
configure:16470: g++ -o conftest -g -O2   -I/hydra/home/hassemlal/local/include -I/usr/local/mni/include  -L/hydra/home/hassemlal/local/lib -L/usr/local/mni/lib conftest.cpp -lGLU -lGL  -lm -lbicpl -lvolume_io2 -lminc2 -lhdf5 -lz -lnetcdf -lm -lm  >&5
configure:16470: $? = 0
configure:16493: result: -lGLU
configure:16531: checking for GLUT library
configure:16562: gcc -o conftest -g -O2   -I/hydra/home/hassemlal/local/include -I/usr/local/mni/include  -L/hydra/home/hassemlal/local/lib -L/usr/local/mni/lib conftest.c -lglut32  -lSM -lICE -lXmu -lXi  -lGLU -lGL  -lm -lbicpl -lvolume_io2 -lminc2 -lhdf5 -lz -lnetcdf -lm -lm  >&5
/usr/bin/ld: cannot find -lglut32
collect2: ld returned 1 exit status
configure:16562: $? = 1
configure: failed program was:
| /* confdefs.h */
| #define PACKAGE_NAME ""
| #define PACKAGE_TARNAME ""
| #define PACKAGE_VERSION ""
| #define PACKAGE_STRING ""
| #define PACKAGE_BUGREPORT ""
| #define PACKAGE_URL ""
| #define PACKAGE "Display"
| #define VERSION "1.5.0"
| #define STDC_HEADERS 1
| #define HAVE_SYS_TYPES_H 1
| #define HAVE_SYS_STAT_H 1
| #define HAVE_STDLIB_H 1
| #define HAVE_STRING_H 1
| #define HAVE_MEMORY_H 1
| #define HAVE_STRINGS_H 1
| #define HAVE_INTTYPES_H 1
| #define HAVE_STDINT_H 1
| #define HAVE_UNISTD_H 1
| #define HAVE_DLFCN_H 1
| #define LT_OBJDIR ".libs/"
| #define HAVE_LIBM 1
| #define MINC2 1
| #define HAVE_PTHREAD 1
| /* end confdefs.h.  */
| 
| # if HAVE_WINDOWS_H && defined(_WIN32)
| #   include <windows.h>
| # endif
| # include <GL/glut.h>
| int
| main ()
| {
| glutMainLoop()
|   ;
|   return 0;
| }
configure:16562: gcc -o conftest -g -O2   -I/hydra/home/hassemlal/local/include -I/usr/local/mni/include  -L/hydra/home/hassemlal/local/lib -L/usr/local/mni/lib conftest.c -lglut  -lSM -lICE -lXmu -lXi  -lGLU -lGL  -lm -lbicpl -lvolume_io2 -lminc2 -lhdf5 -lz -lnetcdf -lm -lm  >&5
configure:16562: $? = 0
configure:16572: result: -lglut
configure:16614: checking for an ANSI C-conforming const
configure:16679: gcc -c -g -O2  -I/hydra/home/hassemlal/local/include -I/usr/local/mni/include conftest.c >&5
configure:16679: $? = 0
configure:16686: result: yes
configure:16694: checking for size_t
configure:16694: gcc -c -g -O2  -I/hydra/home/hassemlal/local/include -I/usr/local/mni/include conftest.c >&5
configure:16694: $? = 0
configure:16694: gcc -c -g -O2  -I/hydra/home/hassemlal/local/include -I/usr/local/mni/include conftest.c >&5
conftest.c: In function 'main':
conftest.c:62: error: expected expression before ')' token
configure:16694: $? = 1
configure: failed program was:
| /* confdefs.h */
| #define PACKAGE_NAME ""
| #define PACKAGE_TARNAME ""
| #define PACKAGE_VERSION ""
| #define PACKAGE_STRING ""
| #define PACKAGE_BUGREPORT ""
| #define PACKAGE_URL ""
| #define PACKAGE "Display"
| #define VERSION "1.5.0"
| #define STDC_HEADERS 1
| #define HAVE_SYS_TYPES_H 1
| #define HAVE_SYS_STAT_H 1
| #define HAVE_STDLIB_H 1
| #define HAVE_STRING_H 1
| #define HAVE_MEMORY_H 1
| #define HAVE_STRINGS_H 1
| #define HAVE_INTTYPES_H 1
| #define HAVE_STDINT_H 1
| #define HAVE_UNISTD_H 1
| #define HAVE_DLFCN_H 1
| #define LT_OBJDIR ".libs/"
| #define HAVE_LIBM 1
| #define MINC2 1
| #define HAVE_PTHREAD 1
| /* end confdefs.h.  */
| #include <stdio.h>
| #ifdef HAVE_SYS_TYPES_H
| # include <sys/types.h>
| #endif
| #ifdef HAVE_SYS_STAT_H
| # include <sys/stat.h>
| #endif
| #ifdef STDC_HEADERS
| # include <stdlib.h>
| # include <stddef.h>
| #else
| # ifdef HAVE_STDLIB_H
| #  include <stdlib.h>
| # endif
| #endif
| #ifdef HAVE_STRING_H
| # if !defined STDC_HEADERS && defined HAVE_MEMORY_H
| #  include <memory.h>
| # endif
| # include <string.h>
| #endif
| #ifdef HAVE_STRINGS_H
| # include <strings.h>
| #endif
| #ifdef HAVE_INTTYPES_H
| # include <inttypes.h>
| #endif
| #ifdef HAVE_STDINT_H
| # include <stdint.h>
| #endif
| #ifdef HAVE_UNISTD_H
| # include <unistd.h>
| #endif
| int
| main ()
| {
| if (sizeof ((size_t)))
| 	    return 0;
|   ;
|   return 0;
| }
configure:16694: result: yes
configure:16709: checking malloc.h usability
configure:16709: gcc -c -g -O2  -I/hydra/home/hassemlal/local/include -I/usr/local/mni/include conftest.c >&5
configure:16709: $? = 0
configure:16709: result: yes
configure:16709: checking malloc.h presence
configure:16709: gcc -E  -I/hydra/home/hassemlal/local/include -I/usr/local/mni/include conftest.c
configure:16709: $? = 0
configure:16709: result: yes
configure:16709: checking for malloc.h
configure:16709: result: yes
configure:16725: checking for mallinfo in -lmalloc
configure:16750: gcc -o conftest -g -O2  -I/hydra/home/hassemlal/local/include -I/usr/local/mni/include  -L/hydra/home/hassemlal/local/lib -L/usr/local/mni/lib conftest.c -lmalloc  -lbicpl -lvolume_io2 -lminc2 -lhdf5 -lz -lnetcdf -lm -lm  >&5
/usr/bin/ld: cannot find -lmalloc
collect2: ld returned 1 exit status
configure:16750: $? = 1
configure: failed program was:
| /* confdefs.h */
| #define PACKAGE_NAME ""
| #define PACKAGE_TARNAME ""
| #define PACKAGE_VERSION ""
| #define PACKAGE_STRING ""
| #define PACKAGE_BUGREPORT ""
| #define PACKAGE_URL ""
| #define PACKAGE "Display"
| #define VERSION "1.5.0"
| #define STDC_HEADERS 1
| #define HAVE_SYS_TYPES_H 1
| #define HAVE_SYS_STAT_H 1
| #define HAVE_STDLIB_H 1
| #define HAVE_STRING_H 1
| #define HAVE_MEMORY_H 1
| #define HAVE_STRINGS_H 1
| #define HAVE_INTTYPES_H 1
| #define HAVE_STDINT_H 1
| #define HAVE_UNISTD_H 1
| #define HAVE_DLFCN_H 1
| #define LT_OBJDIR ".libs/"
| #define HAVE_LIBM 1
| #define MINC2 1
| #define HAVE_PTHREAD 1
| #define HAVE_MALLOC_H 1
| /* end confdefs.h.  */
| 
| /* Override any GCC internal prototype to avoid an error.
|    Use char because int might match the return type of a GCC
|    builtin and then its argument prototype would still apply.  */
| #ifdef __cplusplus
| extern "C"
| #endif
| char mallinfo ();
| int
| main ()
| {
| return mallinfo ();
|   ;
|   return 0;
| }
configure:16759: result: no
configure:16769: WARNING: cannot find library; malloc not available
configure:16923: creating ./config.status

## ---------------------- ##
## Running config.status. ##
## ---------------------- ##

This file was extended by config.status, which was
generated by GNU Autoconf 2.65.  Invocation command line was

  CONFIG_FILES    = 
  CONFIG_HEADERS  = 
  CONFIG_LINKS    = 
  CONFIG_COMMANDS = 
  $ ./config.status 

on talos

config.status:1175: creating Makefile
config.status:1175: creating Documentation/Makefile
config.status:1175: creating Graphics/Makefile
config.status:1175: creating Graphics/GLUT_windows/Makefile
config.status:1175: creating Graphics/G_graphics/Makefile
config.status:1175: creating Graphics/OpenGL_graphics/Makefile
config.status:1175: creating atlas/Makefile
config.status:1175: creating callbacks/Makefile
config.status:1175: creating current_obj/Makefile
config.status:1175: creating cursor/Makefile
config.status:1175: creating cursor_contours/Makefile
config.status:1175: creating edit_surface/Makefile
config.status:1175: creating events/Makefile
config.status:1175: creating images/Makefile
config.status:1175: creating immediate_mode/Makefile
config.status:1175: creating input_files/Makefile
config.status:1175: creating intersect/Makefile
config.status:1175: creating main/Makefile
config.status:1175: creating markers/Makefile
config.status:1175: creating menu/Makefile
config.status:1175: creating segmenting/Makefile
config.status:1175: creating slice_window/Makefile
config.status:1175: creating structures/Makefile
config.status:1175: creating surface_curves/Makefile
config.status:1175: creating surface_extraction/Makefile
config.status:1175: creating tubes/Makefile
config.status:1175: creating voxel_scan/Makefile
config.status:1175: creating epm-header
config.status:1175: creating config.h
config.status:1347: config.h is unchanged
config.status:1395: executing depfiles commands
config.status:1395: executing libtool commands

## ---------------- ##
## Cache variables. ##
## ---------------- ##

ac_cv_build=x86_64-unknown-linux-gnu
ac_cv_c_compiler_gnu=yes
ac_cv_c_const=yes
ac_cv_cxx_compiler_gnu=yes
ac_cv_env_CCC_set=
ac_cv_env_CCC_value=
ac_cv_env_CC_set=
ac_cv_env_CC_value=
ac_cv_env_CFLAGS_set=
ac_cv_env_CFLAGS_value=
ac_cv_env_CPPFLAGS_set=
ac_cv_env_CPPFLAGS_value=
ac_cv_env_CPP_set=
ac_cv_env_CPP_value=
ac_cv_env_CXXCPP_set=
ac_cv_env_CXXCPP_value=
ac_cv_env_CXXFLAGS_set=
ac_cv_env_CXXFLAGS_value=
ac_cv_env_CXX_set=
ac_cv_env_CXX_value=
ac_cv_env_LDFLAGS_set=
ac_cv_env_LDFLAGS_value=
ac_cv_env_LIBS_set=
ac_cv_env_LIBS_value=
ac_cv_env_XMKMF_set=
ac_cv_env_XMKMF_value=
ac_cv_env_build_alias_set=
ac_cv_env_build_alias_value=
ac_cv_env_host_alias_set=
ac_cv_env_host_alias_value=
ac_cv_env_target_alias_set=
ac_cv_env_target_alias_value=
ac_cv_func_connect=yes
ac_cv_func_gethostbyname=yes
ac_cv_func_remove=yes
ac_cv_func_shmat=yes
ac_cv_have_x='have_x=yes	ac_x_includes='\'''\''	ac_x_libraries='\'''\'''
ac_cv_header_dlfcn_h=yes
ac_cv_header_inttypes_h=yes
ac_cv_header_malloc_h=yes
ac_cv_header_math_h=yes
ac_cv_header_memory_h=yes
ac_cv_header_stdc=yes
ac_cv_header_stdint_h=yes
ac_cv_header_stdlib_h=yes
ac_cv_header_string_h=yes
ac_cv_header_strings_h=yes
ac_cv_header_sys_stat_h=yes
ac_cv_header_sys_types_h=yes
ac_cv_header_unistd_h=yes
ac_cv_header_windows_h=no
ac_cv_host=x86_64-unknown-linux-gnu
ac_cv_lib_ICE_IceConnectionNumber=yes
ac_cv_lib_m_sqrt=yes
ac_cv_lib_malloc_mallinfo=no
ac_cv_objext=o
ac_cv_path_EGREP='/bin/grep -E'
ac_cv_path_FGREP='/bin/grep -F'
ac_cv_path_GREP=/bin/grep
ac_cv_path_SED=/bin/sed
ac_cv_path_install='/usr/bin/install -c'
ac_cv_path_mkdir=/bin/mkdir
ac_cv_prog_AWK=gawk
ac_cv_prog_CPP='gcc -E'
ac_cv_prog_CXXCPP='g++ -E'
ac_cv_prog_PTHREAD_CC=gcc
ac_cv_prog_ac_ct_AR=ar
ac_cv_prog_ac_ct_CC=gcc
ac_cv_prog_ac_ct_CXX=g++
ac_cv_prog_ac_ct_OBJDUMP=objdump
ac_cv_prog_ac_ct_RANLIB=ranlib
ac_cv_prog_ac_ct_STRIP=strip
ac_cv_prog_cc_c89=
ac_cv_prog_cc_g=yes
ac_cv_prog_cxx_g=yes
ac_cv_prog_make_make_set=yes
ac_cv_type_size_t=yes
am_cv_CC_dependencies_compiler_type=gcc3
am_cv_CXX_dependencies_compiler_type=gcc3
ax_cv_c_compiler_ms=no
ax_cv_check_gl_libgl=-lGL
ax_cv_check_glu_libglu=-lGLU
ax_cv_check_glut_libglut=-lglut
lt_cv_deplibs_check_method=pass_all
lt_cv_file_magic_cmd='$MAGIC_CMD'
lt_cv_file_magic_test_file=
lt_cv_ld_reload_flag=-r
lt_cv_nm_interface='BSD nm'
lt_cv_objdir=.libs
lt_cv_path_LD=/usr/bin/ld
lt_cv_path_LDCXX='/usr/bin/ld -m elf_x86_64'
lt_cv_path_NM='/usr/bin/nm -B'
lt_cv_prog_compiler_c_o=yes
lt_cv_prog_compiler_c_o_CXX=yes
lt_cv_prog_compiler_pic_works=yes
lt_cv_prog_compiler_pic_works_CXX=yes
lt_cv_prog_compiler_rtti_exceptions=no
lt_cv_prog_compiler_static_works=yes
lt_cv_prog_compiler_static_works_CXX=yes
lt_cv_prog_gnu_ld=yes
lt_cv_prog_gnu_ldcxx=yes
lt_cv_sys_global_symbol_pipe='sed -n -e '\''s/^.*[	 ]\([ABCDGIRSTW][ABCDGIRSTW]*\)[	 ][	 ]*\([_A-Za-z][_A-Za-z0-9]*\)$/\1 \2 \2/p'\'''
lt_cv_sys_global_symbol_to_c_name_address='sed -n -e '\''s/^: \([^ ]*\) $/  {\"\1\", (void *) 0},/p'\'' -e '\''s/^[ABCDGIRSTW]* \([^ ]*\) \([^ ]*\)$/  {"\2", (void *) \&\2},/p'\'''
lt_cv_sys_global_symbol_to_c_name_address_lib_prefix='sed -n -e '\''s/^: \([^ ]*\) $/  {\"\1\", (void *) 0},/p'\'' -e '\''s/^[ABCDGIRSTW]* \([^ ]*\) \(lib[^ ]*\)$/  {"\2", (void *) \&\2},/p'\'' -e '\''s/^[ABCDGIRSTW]* \([^ ]*\) \([^ ]*\)$/  {"lib\2", (void *) \&\2},/p'\'''
lt_cv_sys_global_symbol_to_cdecl='sed -n -e '\''s/^T .* \(.*\)$/extern int \1();/p'\'' -e '\''s/^[ABCDGIRSTW]* .* \(.*\)$/extern char \1;/p'\'''
lt_cv_sys_max_cmd_len=1572864

## ----------------- ##
## Output variables. ##
## ----------------- ##

ACLOCAL='${SHELL} /hydra/home/hassemlal/work/Display/missing --run aclocal-1.11'
AMDEPBACKSLASH='\'
AMDEP_FALSE='#'
AMDEP_TRUE=''
AMTAR='${SHELL} /hydra/home/hassemlal/work/Display/missing --run tar'
AR='ar'
AUTOCONF='${SHELL} /hydra/home/hassemlal/work/Display/missing --run autoconf'
AUTOHEADER='${SHELL} /hydra/home/hassemlal/work/Display/missing --run autoheader'
AUTOMAKE='${SHELL} /hydra/home/hassemlal/work/Display/missing --run automake-1.11'
AWK='gawk'
CC='gcc'
CCDEPMODE='depmode=gcc3'
CFLAGS='-g -O2'
CPP='gcc -E'
CPPFLAGS=' -I/hydra/home/hassemlal/local/include -I/usr/local/mni/include'
CXX='g++'
CXXCPP='g++ -E'
CXXDEPMODE='depmode=gcc3'
CXXFLAGS='-g -O2'
CYGPATH_W='echo'
DEFS='-DHAVE_CONFIG_H'
DEPDIR='.deps'
DSYMUTIL=''
DUMPBIN=''
ECHO_C=''
ECHO_N='-n'
ECHO_T=''
EGREP='/bin/grep -E'
EXEEXT=''
FGREP='/bin/grep -F'
GLUT_CFLAGS=''
GLUT_LIBS='-lglut  -lSM -lICE -lXmu -lXi  -lGLU -lGL  -lm'
GLU_CFLAGS=''
GLU_LIBS='-lGLU -lGL  -lm'
GL_CFLAGS=''
GL_LIBS='-lGL  -lm'
GREP='/bin/grep'
HAVE_libmalloc='no'
INSTALL_DATA='${INSTALL} -m 644'
INSTALL_PROGRAM='${INSTALL}'
INSTALL_SCRIPT='${INSTALL}'
INSTALL_STRIP_PROGRAM='$(install_sh) -c -s'
LD='/usr/bin/ld -m elf_x86_64'
LDFLAGS=' -L/hydra/home/hassemlal/local/lib -L/usr/local/mni/lib'
LIBOBJS=''
LIBS='-lbicpl -lvolume_io2 -lminc2 -lhdf5 -lz -lnetcdf -lm -lm '
LIBTOOL='libtool'
LIPO=''
LN_S='ln -s'
LTLIBOBJS=''
MAKEINFO='${SHELL} /hydra/home/hassemlal/work/Display/missing --run makeinfo'
MKDIR_P='/bin/mkdir -p'
MNI_LIBS='-lbicpl -lvolume_io2 -lminc2 -lhdf5 -lz -lnetcdf -lm -lm '
NM='/usr/bin/nm -B'
NMEDIT=''
OBJDUMP='objdump'
OBJEXT='o'
OTOOL64=''
OTOOL=''
PACKAGE='Display'
PACKAGE_BUGREPORT=''
PACKAGE_NAME=''
PACKAGE_STRING=''
PACKAGE_TARNAME=''
PACKAGE_URL=''
PACKAGE_VERSION=''
PATH_SEPARATOR=':'
PTHREAD_CC='gcc'
PTHREAD_CFLAGS=''
PTHREAD_LIBS=''
RANLIB='ranlib'
SED='/bin/sed'
SET_MAKE=''
SHELL='/bin/bash'
STRIP='strip'
USE_SEAL_FALSE=''
USE_SEAL_TRUE='#'
VERSION='1.5.0'
XMKMF=''
X_CFLAGS=''
X_EXTRA_LIBS=''
X_LIBS=''
X_PRE_LIBS=' -lSM -lICE'
ac_ct_CC='gcc'
ac_ct_CXX='g++'
ac_ct_DUMPBIN=''
acx_pthread_config=''
am__EXEEXT_FALSE=''
am__EXEEXT_TRUE='#'
am__fastdepCC_FALSE='#'
am__fastdepCC_TRUE=''
am__fastdepCXX_FALSE='#'
am__fastdepCXX_TRUE=''
am__include='include'
am__isrc=''
am__leading_dot='.'
am__quote=''
am__tar='${AMTAR} chof - "$$tardir"'
am__untar='${AMTAR} xf -'
bindir='${exec_prefix}/bin'
build='x86_64-unknown-linux-gnu'
build_alias=''
build_cpu='x86_64'
build_os='linux-gnu'
build_vendor='unknown'
datadir='${datarootdir}'
datarootdir='${prefix}/share'
docdir='${datarootdir}/doc/${PACKAGE}'
dvidir='${docdir}'
exec_prefix='${prefix}'
host='x86_64-unknown-linux-gnu'
host_alias=''
host_cpu='x86_64'
host_os='linux-gnu'
host_vendor='unknown'
htmldir='${docdir}'
includedir='${prefix}/include'
infodir='${datarootdir}/info'
install_sh='${SHELL} /hydra/home/hassemlal/work/Display/install-sh'
libdir='${exec_prefix}/lib'
libexecdir='${exec_prefix}/libexec'
localedir='${datarootdir}/locale'
localstatedir='${prefix}/var'
lt_ECHO='echo'
malloc_LIBS=''
mandir='${datarootdir}/man'
mkdir_p='/bin/mkdir -p'
oldincludedir='/usr/include'
pdfdir='${docdir}'
prefix='/hydra/home/hassemlal/local'
program_transform_name='s,x,x,'
psdir='${docdir}'
sbindir='${exec_prefix}/sbin'
sharedstatedir='${prefix}/com'
sysconfdir='${prefix}/etc'
target_alias=''

## ----------- ##
## confdefs.h. ##
## ----------- ##

/* confdefs.h */
#define PACKAGE_NAME ""
#define PACKAGE_TARNAME ""
#define PACKAGE_VERSION ""
#define PACKAGE_STRING ""
#define PACKAGE_BUGREPORT ""
#define PACKAGE_URL ""
#define PACKAGE "Display"
#define VERSION "1.5.0"
#define STDC_HEADERS 1
#define HAVE_SYS_TYPES_H 1
#define HAVE_SYS_STAT_H 1
#define HAVE_STDLIB_H 1
#define HAVE_STRING_H 1
#define HAVE_MEMORY_H 1
#define HAVE_STRINGS_H 1
#define HAVE_INTTYPES_H 1
#define HAVE_STDINT_H 1
#define HAVE_UNISTD_H 1
#define HAVE_DLFCN_H 1
#define LT_OBJDIR ".libs/"
#define HAVE_LIBM 1
#define MINC2 1
#define HAVE_PTHREAD 1
#define HAVE_MALLOC_H 1

configure: exit 0

## ---------------------- ##
## Running config.status. ##
## ---------------------- ##

This file was extended by config.status, which was
generated by GNU Autoconf 2.65.  Invocation command line was

  CONFIG_FILES    = 
  CONFIG_HEADERS  = 
  CONFIG_LINKS    = 
  CONFIG_COMMANDS = 
  $ ./config.status config.h

on talos

config.status:1175: creating config.h
config.status:1347: config.h is unchanged
